2020-02-03 12:57:18,710 [AWT-EventQueue-0] DEBUG: edu.cmu.ri.createlab.terk.application.TerkApplication: TerkApplication.TerkApplication()
2020-02-03 12:57:18,713 [AWT-EventQueue-0] INFO : edu.cmu.ri.createlab.terk.application.TerkApplication: TerkApplication.TerkApplication(): System property [terk-application.connection-strategy.class.name] is not defined.  Attempting to use default [edu.cmu.ri.createlab.terk.robot.finch.LocalFinchConnectionStrategy] implementation class instead.
2020-02-03 12:57:18,826 [AWT-EventQueue-0] DEBUG: edu.cmu.ri.createlab.terk.application.TerkApplication: TerkApplication.TerkApplication(): successfully instantiated ConnectionStrategy implementation class [edu.cmu.ri.createlab.terk.robot.finch.LocalFinchConnectionStrategy]
2020-02-03 12:57:18,861 [pool-1-thread-1] DEBUG: edu.cmu.ri.createlab.device.connectivity.BaseCreateLabDeviceConnectivityManager: BaseCreateLabDeviceConnectivityManager: scanAndConnectWorkhorseRunnable.run()
2020-02-03 12:57:18,862 [pool-1-thread-1] DEBUG: edu.cmu.ri.createlab.device.connectivity.BaseCreateLabDeviceConnectivityManager: BaseCreateLabDeviceConnectivityManager.disconnect()
2020-02-03 12:57:18,863 [pool-1-thread-1] DEBUG: edu.cmu.ri.createlab.terk.robot.finch.LocalFinchConnectionStrategy: LocalFinchConnectionStrategy.handleConnectionStateChange(): OLD [Disconnected]  NEW [Disconnected]  port []
2020-02-03 12:57:18,883 [BaseCreateLabDeviceConnectivityManager.executorService pool-1-thread-1] DEBUG: edu.cmu.ri.createlab.device.connectivity.BaseCreateLabDeviceConnectivityManager: CreateLabDeviceConnectivityManagerImpl$DeviceScanner.run()
2020-02-03 12:57:18,883 [BaseCreateLabDeviceConnectivityManager.executorService pool-1-thread-1] DEBUG: edu.cmu.ri.createlab.terk.robot.finch.LocalFinchConnectionStrategy: LocalFinchConnectionStrategy.handleConnectionStateChange(): OLD [Disconnected]  NEW [Scanning]  port []
2020-02-03 12:57:18,930 [BaseCreateLabDeviceConnectivityManager.executorService pool-1-thread-1] DEBUG: edu.cmu.ri.createlab.terk.robot.finch.DefaultFinchController: DefaultFinchController.create(): creating HID device for vendor ID [2354] and product ID [1111]
2020-02-03 12:57:19,043 [BaseCreateLabDeviceConnectivityManager.executorService pool-1-thread-1] DEBUG: edu.cmu.ri.createlab.terk.robot.finch.DefaultFinchController: DefaultFinchController.create(): attempting connection...
2020-02-03 12:57:21,228 [BaseCreateLabDeviceConnectivityManager.executorService pool-1-thread-1] ERROR: edu.cmu.ri.createlab.usb.hid.windows.WindowsHIDDevice: WindowsHIDDevice.readDeviceInfo(): CreateFile failed (WinError{id=5, name='Access Denied: access is denied'}), skipping this device
2020-02-03 12:57:21,229 [BaseCreateLabDeviceConnectivityManager.executorService pool-1-thread-1] ERROR: edu.cmu.ri.createlab.usb.hid.windows.WindowsHIDDevice: WindowsHIDDevice.disconnect(): Failed to disconnect because the file handle is null
2020-02-03 12:57:21,231 [BaseCreateLabDeviceConnectivityManager.executorService pool-1-thread-1] ERROR: edu.cmu.ri.createlab.usb.hid.windows.WindowsHIDDevice: WindowsHIDDevice.readDeviceInfo(): CreateFile failed (WinError{id=5, name='Access Denied: access is denied'}), skipping this device
2020-02-03 12:57:21,231 [BaseCreateLabDeviceConnectivityManager.executorService pool-1-thread-1] ERROR: edu.cmu.ri.createlab.usb.hid.windows.WindowsHIDDevice: WindowsHIDDevice.disconnect(): Failed to disconnect because the file handle is null
2020-02-03 12:57:21,234 [BaseCreateLabDeviceConnectivityManager.executorService pool-1-thread-1] ERROR: edu.cmu.ri.createlab.usb.hid.windows.WindowsHIDDevice: WindowsHIDDevice.readDeviceInfo(): Failed to read device attributes
2020-02-03 12:57:21,235 [BaseCreateLabDeviceConnectivityManager.executorService pool-1-thread-1] DEBUG: edu.cmu.ri.createlab.usb.hid.windows.WindowsHIDDevice: WindowsHIDDevice.disconnect(): disconnected successfully
2020-02-03 12:57:21,274 [BaseCreateLabDeviceConnectivityManager.executorService pool-1-thread-1] DEBUG: edu.cmu.ri.createlab.usb.hid.windows.WindowsHIDDevice: WindowsHIDDevice.disconnect(): disconnected successfully
2020-02-03 12:57:21,280 [BaseCreateLabDeviceConnectivityManager.executorService pool-1-thread-1] DEBUG: edu.cmu.ri.createlab.usb.hid.windows.WindowsHIDDevice: WindowsHIDDevice.connect(): connection successful
2020-02-03 12:57:21,380 [BaseCreateLabDeviceConnectivityManager.executorService pool-1-thread-1] DEBUG: edu.cmu.ri.createlab.device.connectivity.BaseCreateLabDeviceConnectivityManager: CreateLabDeviceConnectivityManagerImpl$DeviceScanner.run(): connection established!
2020-02-03 12:57:21,382 [BaseCreateLabDeviceConnectivityManager.executorService pool-1-thread-1] DEBUG: edu.cmu.ri.createlab.terk.robot.finch.LocalFinchConnectionStrategy: LocalFinchConnectionStrategy.handleConnectionStateChange(): OLD [Scanning]  NEW [Connected]  port [\\?\hid#vid_2354&pid_1111#7&26631bb8&0&0000#{4d1e55b2-f16f-11cf-88cb-001111000030}]
2020-02-03 12:58:18,501 [AWT-EventQueue-0] DEBUG: edu.cmu.ri.createlab.terk.application.TerkApplication: TerkApplication.TerkApplication()
2020-02-03 12:58:18,508 [AWT-EventQueue-0] INFO : edu.cmu.ri.createlab.terk.application.TerkApplication: TerkApplication.TerkApplication(): System property [terk-application.connection-strategy.class.name] is not defined.  Attempting to use default [edu.cmu.ri.createlab.terk.robot.finch.LocalFinchConnectionStrategy] implementation class instead.
2020-02-03 12:58:18,624 [AWT-EventQueue-0] DEBUG: edu.cmu.ri.createlab.terk.application.TerkApplication: TerkApplication.TerkApplication(): successfully instantiated ConnectionStrategy implementation class [edu.cmu.ri.createlab.terk.robot.finch.LocalFinchConnectionStrategy]
2020-02-03 12:58:18,730 [pool-1-thread-1] DEBUG: edu.cmu.ri.createlab.device.connectivity.BaseCreateLabDeviceConnectivityManager: BaseCreateLabDeviceConnectivityManager: scanAndConnectWorkhorseRunnable.run()
2020-02-03 12:58:18,732 [pool-1-thread-1] DEBUG: edu.cmu.ri.createlab.device.connectivity.BaseCreateLabDeviceConnectivityManager: BaseCreateLabDeviceConnectivityManager.disconnect()
2020-02-03 12:58:18,732 [pool-1-thread-1] DEBUG: edu.cmu.ri.createlab.terk.robot.finch.LocalFinchConnectionStrategy: LocalFinchConnectionStrategy.handleConnectionStateChange(): OLD [Disconnected]  NEW [Disconnected]  port []
2020-02-03 12:58:18,740 [BaseCreateLabDeviceConnectivityManager.executorService pool-1-thread-1] DEBUG: edu.cmu.ri.createlab.device.connectivity.BaseCreateLabDeviceConnectivityManager: CreateLabDeviceConnectivityManagerImpl$DeviceScanner.run()
2020-02-03 12:58:18,741 [BaseCreateLabDeviceConnectivityManager.executorService pool-1-thread-1] DEBUG: edu.cmu.ri.createlab.terk.robot.finch.LocalFinchConnectionStrategy: LocalFinchConnectionStrategy.handleConnectionStateChange(): OLD [Disconnected]  NEW [Scanning]  port []
2020-02-03 12:58:18,801 [BaseCreateLabDeviceConnectivityManager.executorService pool-1-thread-1] DEBUG: edu.cmu.ri.createlab.terk.robot.finch.DefaultFinchController: DefaultFinchController.create(): creating HID device for vendor ID [2354] and product ID [1111]
2020-02-03 12:58:18,989 [BaseCreateLabDeviceConnectivityManager.executorService pool-1-thread-1] DEBUG: edu.cmu.ri.createlab.terk.robot.finch.DefaultFinchController: DefaultFinchController.create(): attempting connection...
2020-02-03 12:58:22,896 [BaseCreateLabDeviceConnectivityManager.executorService pool-1-thread-1] ERROR: edu.cmu.ri.createlab.usb.hid.windows.WindowsHIDDevice: WindowsHIDDevice.readDeviceInfo(): CreateFile failed (WinError{id=5, name='Access Denied: access is denied'}), skipping this device
2020-02-03 12:58:22,897 [BaseCreateLabDeviceConnectivityManager.executorService pool-1-thread-1] ERROR: edu.cmu.ri.createlab.usb.hid.windows.WindowsHIDDevice: WindowsHIDDevice.disconnect(): Failed to disconnect because the file handle is null
2020-02-03 12:58:22,900 [BaseCreateLabDeviceConnectivityManager.executorService pool-1-thread-1] ERROR: edu.cmu.ri.createlab.usb.hid.windows.WindowsHIDDevice: WindowsHIDDevice.readDeviceInfo(): CreateFile failed (WinError{id=5, name='Access Denied: access is denied'}), skipping this device
2020-02-03 12:58:22,900 [BaseCreateLabDeviceConnectivityManager.executorService pool-1-thread-1] ERROR: edu.cmu.ri.createlab.usb.hid.windows.WindowsHIDDevice: WindowsHIDDevice.disconnect(): Failed to disconnect because the file handle is null
2020-02-03 12:58:22,904 [BaseCreateLabDeviceConnectivityManager.executorService pool-1-thread-1] ERROR: edu.cmu.ri.createlab.usb.hid.windows.WindowsHIDDevice: WindowsHIDDevice.readDeviceInfo(): Failed to read device attributes
2020-02-03 12:58:22,905 [BaseCreateLabDeviceConnectivityManager.executorService pool-1-thread-1] DEBUG: edu.cmu.ri.createlab.usb.hid.windows.WindowsHIDDevice: WindowsHIDDevice.disconnect(): disconnected successfully
2020-02-03 12:58:22,946 [BaseCreateLabDeviceConnectivityManager.executorService pool-1-thread-1] DEBUG: edu.cmu.ri.createlab.usb.hid.windows.WindowsHIDDevice: WindowsHIDDevice.disconnect(): disconnected successfully
2020-02-03 12:58:22,952 [BaseCreateLabDeviceConnectivityManager.executorService pool-1-thread-1] DEBUG: edu.cmu.ri.createlab.usb.hid.windows.WindowsHIDDevice: WindowsHIDDevice.connect(): connection successful
2020-02-03 12:58:23,405 [BaseCreateLabDeviceConnectivityManager.executorService pool-1-thread-1] DEBUG: edu.cmu.ri.createlab.device.connectivity.BaseCreateLabDeviceConnectivityManager: CreateLabDeviceConnectivityManagerImpl$DeviceScanner.run(): connection established!
2020-02-03 12:58:23,408 [BaseCreateLabDeviceConnectivityManager.executorService pool-1-thread-1] DEBUG: edu.cmu.ri.createlab.terk.robot.finch.LocalFinchConnectionStrategy: LocalFinchConnectionStrategy.handleConnectionStateChange(): OLD [Scanning]  NEW [Connected]  port [\\?\hid#vid_2354&pid_1111#7&26631bb8&0&0000#{4d1e55b2-f16f-11cf-88cb-001111000030}]
2020-02-03 12:58:35,989 [AWT-EventQueue-0] DEBUG: edu.cmu.ri.createlab.terk.robot.finch.services.FinchServiceManager: FinchServiceManager.loadService() needs to load the [::TeRK::thermistor::ThermistorService] service
2020-02-03 12:58:35,990 [AWT-EventQueue-0] DEBUG: edu.cmu.ri.createlab.terk.robot.finch.services.FinchServiceFactory: FinchServiceFactory.createService(::TeRK::thermistor::ThermistorService)
2020-02-03 12:58:36,032 [AWT-EventQueue-0] DEBUG: edu.cmu.ri.createlab.terk.properties.BasicPropertyManager: ServantPropertyManager.setReadOnlyProperty(device.count,1)
2020-02-03 12:58:36,033 [AWT-EventQueue-0] DEBUG: edu.cmu.ri.createlab.terk.properties.BasicPropertyManager: ServantPropertyManager.setReadOnlyProperty(::TeRK::thermistor::ThermistorService::thermistor-device-id,MF52A103F3380)
2020-02-03 12:58:36,041 [AWT-EventQueue-0] DEBUG: edu.cmu.ri.createlab.terk.robot.finch.services.FinchServiceManager: FinchServiceManager.loadService() needs to load the [::TeRK::photoresistor::PhotoresistorService] service
2020-02-03 12:58:36,042 [AWT-EventQueue-0] DEBUG: edu.cmu.ri.createlab.terk.robot.finch.services.FinchServiceFactory: FinchServiceFactory.createService(::TeRK::photoresistor::PhotoresistorService)
2020-02-03 12:58:36,051 [AWT-EventQueue-0] DEBUG: edu.cmu.ri.createlab.terk.properties.BasicPropertyManager: ServantPropertyManager.setReadOnlyProperty(device.count,2)
2020-02-03 12:58:36,065 [AWT-EventQueue-0] DEBUG: edu.cmu.ri.createlab.terk.robot.finch.services.FinchServiceManager: FinchServiceManager.loadService() needs to load the [::TeRK::accelerometer::AccelerometerService] service
2020-02-03 12:58:36,065 [AWT-EventQueue-0] DEBUG: edu.cmu.ri.createlab.terk.robot.finch.services.FinchServiceFactory: FinchServiceFactory.createService(::TeRK::accelerometer::AccelerometerService)
2020-02-03 12:58:36,075 [AWT-EventQueue-0] DEBUG: edu.cmu.ri.createlab.terk.properties.BasicPropertyManager: ServantPropertyManager.setReadOnlyProperty(device.count,1)
2020-02-03 12:58:36,075 [AWT-EventQueue-0] DEBUG: edu.cmu.ri.createlab.terk.properties.BasicPropertyManager: ServantPropertyManager.setReadOnlyProperty(::TeRK::accelerometer::AccelerometerService::accelerometer-device-id,FreescaleMMA7660FC)
2020-02-03 13:14:46,413 [AWT-EventQueue-0] DEBUG: edu.cmu.ri.createlab.terk.application.TerkApplication: TerkApplication.TerkApplication()
2020-02-03 13:14:46,416 [AWT-EventQueue-0] INFO : edu.cmu.ri.createlab.terk.application.TerkApplication: TerkApplication.TerkApplication(): System property [terk-application.connection-strategy.class.name] is not defined.  Attempting to use default [edu.cmu.ri.createlab.terk.robot.finch.LocalFinchConnectionStrategy] implementation class instead.
2020-02-03 13:14:46,478 [AWT-EventQueue-0] DEBUG: edu.cmu.ri.createlab.terk.application.TerkApplication: TerkApplication.TerkApplication(): successfully instantiated ConnectionStrategy implementation class [edu.cmu.ri.createlab.terk.robot.finch.LocalFinchConnectionStrategy]
2020-02-03 13:14:46,502 [pool-1-thread-1] DEBUG: edu.cmu.ri.createlab.device.connectivity.BaseCreateLabDeviceConnectivityManager: BaseCreateLabDeviceConnectivityManager: scanAndConnectWorkhorseRunnable.run()
2020-02-03 13:14:46,502 [pool-1-thread-1] DEBUG: edu.cmu.ri.createlab.device.connectivity.BaseCreateLabDeviceConnectivityManager: BaseCreateLabDeviceConnectivityManager.disconnect()
2020-02-03 13:14:46,503 [pool-1-thread-1] DEBUG: edu.cmu.ri.createlab.terk.robot.finch.LocalFinchConnectionStrategy: LocalFinchConnectionStrategy.handleConnectionStateChange(): OLD [Disconnected]  NEW [Disconnected]  port []
2020-02-03 13:14:46,509 [BaseCreateLabDeviceConnectivityManager.executorService pool-1-thread-1] DEBUG: edu.cmu.ri.createlab.device.connectivity.BaseCreateLabDeviceConnectivityManager: CreateLabDeviceConnectivityManagerImpl$DeviceScanner.run()
2020-02-03 13:14:46,509 [BaseCreateLabDeviceConnectivityManager.executorService pool-1-thread-1] DEBUG: edu.cmu.ri.createlab.terk.robot.finch.LocalFinchConnectionStrategy: LocalFinchConnectionStrategy.handleConnectionStateChange(): OLD [Disconnected]  NEW [Scanning]  port []
2020-02-03 13:14:46,544 [BaseCreateLabDeviceConnectivityManager.executorService pool-1-thread-1] DEBUG: edu.cmu.ri.createlab.terk.robot.finch.DefaultFinchController: DefaultFinchController.create(): creating HID device for vendor ID [2354] and product ID [1111]
2020-02-03 13:14:46,627 [BaseCreateLabDeviceConnectivityManager.executorService pool-1-thread-1] DEBUG: edu.cmu.ri.createlab.terk.robot.finch.DefaultFinchController: DefaultFinchController.create(): attempting connection...
2020-02-03 13:14:48,790 [BaseCreateLabDeviceConnectivityManager.executorService pool-1-thread-1] ERROR: edu.cmu.ri.createlab.usb.hid.windows.WindowsHIDDevice: WindowsHIDDevice.readDeviceInfo(): CreateFile failed (WinError{id=5, name='Access Denied: access is denied'}), skipping this device
2020-02-03 13:14:48,790 [BaseCreateLabDeviceConnectivityManager.executorService pool-1-thread-1] ERROR: edu.cmu.ri.createlab.usb.hid.windows.WindowsHIDDevice: WindowsHIDDevice.disconnect(): Failed to disconnect because the file handle is null
2020-02-03 13:14:48,793 [BaseCreateLabDeviceConnectivityManager.executorService pool-1-thread-1] ERROR: edu.cmu.ri.createlab.usb.hid.windows.WindowsHIDDevice: WindowsHIDDevice.readDeviceInfo(): CreateFile failed (WinError{id=5, name='Access Denied: access is denied'}), skipping this device
2020-02-03 13:14:48,793 [BaseCreateLabDeviceConnectivityManager.executorService pool-1-thread-1] ERROR: edu.cmu.ri.createlab.usb.hid.windows.WindowsHIDDevice: WindowsHIDDevice.disconnect(): Failed to disconnect because the file handle is null
2020-02-03 13:14:48,796 [BaseCreateLabDeviceConnectivityManager.executorService pool-1-thread-1] ERROR: edu.cmu.ri.createlab.usb.hid.windows.WindowsHIDDevice: WindowsHIDDevice.readDeviceInfo(): Failed to read device attributes
2020-02-03 13:14:48,797 [BaseCreateLabDeviceConnectivityManager.executorService pool-1-thread-1] DEBUG: edu.cmu.ri.createlab.usb.hid.windows.WindowsHIDDevice: WindowsHIDDevice.disconnect(): disconnected successfully
2020-02-03 13:14:48,835 [BaseCreateLabDeviceConnectivityManager.executorService pool-1-thread-1] DEBUG: edu.cmu.ri.createlab.usb.hid.windows.WindowsHIDDevice: WindowsHIDDevice.disconnect(): disconnected successfully
2020-02-03 13:14:48,840 [BaseCreateLabDeviceConnectivityManager.executorService pool-1-thread-1] DEBUG: edu.cmu.ri.createlab.usb.hid.windows.WindowsHIDDevice: WindowsHIDDevice.connect(): connection successful
2020-02-03 13:14:48,905 [BaseCreateLabDeviceConnectivityManager.executorService pool-1-thread-1] DEBUG: edu.cmu.ri.createlab.device.connectivity.BaseCreateLabDeviceConnectivityManager: CreateLabDeviceConnectivityManagerImpl$DeviceScanner.run(): connection established!
2020-02-03 13:14:48,908 [BaseCreateLabDeviceConnectivityManager.executorService pool-1-thread-1] DEBUG: edu.cmu.ri.createlab.terk.robot.finch.LocalFinchConnectionStrategy: LocalFinchConnectionStrategy.handleConnectionStateChange(): OLD [Scanning]  NEW [Connected]  port [\\?\hid#vid_2354&pid_1111#7&26631bb8&0&0000#{4d1e55b2-f16f-11cf-88cb-001111000030}]
2020-02-03 13:14:57,422 [AWT-EventQueue-0] DEBUG: edu.cmu.ri.createlab.terk.robot.finch.services.FinchServiceManager: FinchServiceManager.loadService() needs to load the [::TeRK::thermistor::ThermistorService] service
2020-02-03 13:14:57,423 [AWT-EventQueue-0] DEBUG: edu.cmu.ri.createlab.terk.robot.finch.services.FinchServiceFactory: FinchServiceFactory.createService(::TeRK::thermistor::ThermistorService)
2020-02-03 13:14:57,441 [AWT-EventQueue-0] DEBUG: edu.cmu.ri.createlab.terk.properties.BasicPropertyManager: ServantPropertyManager.setReadOnlyProperty(device.count,1)
2020-02-03 13:14:57,441 [AWT-EventQueue-0] DEBUG: edu.cmu.ri.createlab.terk.properties.BasicPropertyManager: ServantPropertyManager.setReadOnlyProperty(::TeRK::thermistor::ThermistorService::thermistor-device-id,MF52A103F3380)
2020-02-03 13:14:57,448 [AWT-EventQueue-0] DEBUG: edu.cmu.ri.createlab.terk.robot.finch.services.FinchServiceManager: FinchServiceManager.loadService() needs to load the [::TeRK::photoresistor::PhotoresistorService] service
2020-02-03 13:14:57,448 [AWT-EventQueue-0] DEBUG: edu.cmu.ri.createlab.terk.robot.finch.services.FinchServiceFactory: FinchServiceFactory.createService(::TeRK::photoresistor::PhotoresistorService)
2020-02-03 13:14:57,456 [AWT-EventQueue-0] DEBUG: edu.cmu.ri.createlab.terk.properties.BasicPropertyManager: ServantPropertyManager.setReadOnlyProperty(device.count,2)
2020-02-03 13:14:57,472 [AWT-EventQueue-0] DEBUG: edu.cmu.ri.createlab.terk.robot.finch.services.FinchServiceManager: FinchServiceManager.loadService() needs to load the [::TeRK::accelerometer::AccelerometerService] service
2020-02-03 13:14:57,472 [AWT-EventQueue-0] DEBUG: edu.cmu.ri.createlab.terk.robot.finch.services.FinchServiceFactory: FinchServiceFactory.createService(::TeRK::accelerometer::AccelerometerService)
2020-02-03 13:14:57,478 [AWT-EventQueue-0] DEBUG: edu.cmu.ri.createlab.terk.properties.BasicPropertyManager: ServantPropertyManager.setReadOnlyProperty(device.count,1)
2020-02-03 13:14:57,478 [AWT-EventQueue-0] DEBUG: edu.cmu.ri.createlab.terk.properties.BasicPropertyManager: ServantPropertyManager.setReadOnlyProperty(::TeRK::accelerometer::AccelerometerService::accelerometer-device-id,FreescaleMMA7660FC)
2020-02-03 13:16:33,313 [AWT-EventQueue-0] DEBUG: edu.cmu.ri.createlab.terk.application.TerkApplication: TerkApplication.TerkApplication()
2020-02-03 13:16:33,315 [AWT-EventQueue-0] INFO : edu.cmu.ri.createlab.terk.application.TerkApplication: TerkApplication.TerkApplication(): System property [terk-application.connection-strategy.class.name] is not defined.  Attempting to use default [edu.cmu.ri.createlab.terk.robot.finch.LocalFinchConnectionStrategy] implementation class instead.
2020-02-03 13:16:33,379 [AWT-EventQueue-0] DEBUG: edu.cmu.ri.createlab.terk.application.TerkApplication: TerkApplication.TerkApplication(): successfully instantiated ConnectionStrategy implementation class [edu.cmu.ri.createlab.terk.robot.finch.LocalFinchConnectionStrategy]
2020-02-03 13:16:33,411 [pool-1-thread-1] DEBUG: edu.cmu.ri.createlab.device.connectivity.BaseCreateLabDeviceConnectivityManager: BaseCreateLabDeviceConnectivityManager: scanAndConnectWorkhorseRunnable.run()
2020-02-03 13:16:33,411 [pool-1-thread-1] DEBUG: edu.cmu.ri.createlab.device.connectivity.BaseCreateLabDeviceConnectivityManager: BaseCreateLabDeviceConnectivityManager.disconnect()
2020-02-03 13:16:33,412 [pool-1-thread-1] DEBUG: edu.cmu.ri.createlab.terk.robot.finch.LocalFinchConnectionStrategy: LocalFinchConnectionStrategy.handleConnectionStateChange(): OLD [Disconnected]  NEW [Disconnected]  port []
2020-02-03 13:16:33,419 [BaseCreateLabDeviceConnectivityManager.executorService pool-1-thread-1] DEBUG: edu.cmu.ri.createlab.device.connectivity.BaseCreateLabDeviceConnectivityManager: CreateLabDeviceConnectivityManagerImpl$DeviceScanner.run()
2020-02-03 13:16:33,419 [BaseCreateLabDeviceConnectivityManager.executorService pool-1-thread-1] DEBUG: edu.cmu.ri.createlab.terk.robot.finch.LocalFinchConnectionStrategy: LocalFinchConnectionStrategy.handleConnectionStateChange(): OLD [Disconnected]  NEW [Scanning]  port []
2020-02-03 13:16:33,462 [BaseCreateLabDeviceConnectivityManager.executorService pool-1-thread-1] DEBUG: edu.cmu.ri.createlab.terk.robot.finch.DefaultFinchController: DefaultFinchController.create(): creating HID device for vendor ID [2354] and product ID [1111]
2020-02-03 13:16:33,565 [BaseCreateLabDeviceConnectivityManager.executorService pool-1-thread-1] DEBUG: edu.cmu.ri.createlab.terk.robot.finch.DefaultFinchController: DefaultFinchController.create(): attempting connection...
2020-02-03 13:16:35,682 [BaseCreateLabDeviceConnectivityManager.executorService pool-1-thread-1] ERROR: edu.cmu.ri.createlab.usb.hid.windows.WindowsHIDDevice: WindowsHIDDevice.readDeviceInfo(): CreateFile failed (WinError{id=5, name='Access Denied: access is denied'}), skipping this device
2020-02-03 13:16:35,682 [BaseCreateLabDeviceConnectivityManager.executorService pool-1-thread-1] ERROR: edu.cmu.ri.createlab.usb.hid.windows.WindowsHIDDevice: WindowsHIDDevice.disconnect(): Failed to disconnect because the file handle is null
2020-02-03 13:16:35,685 [BaseCreateLabDeviceConnectivityManager.executorService pool-1-thread-1] ERROR: edu.cmu.ri.createlab.usb.hid.windows.WindowsHIDDevice: WindowsHIDDevice.readDeviceInfo(): CreateFile failed (WinError{id=5, name='Access Denied: access is denied'}), skipping this device
2020-02-03 13:16:35,685 [BaseCreateLabDeviceConnectivityManager.executorService pool-1-thread-1] ERROR: edu.cmu.ri.createlab.usb.hid.windows.WindowsHIDDevice: WindowsHIDDevice.disconnect(): Failed to disconnect because the file handle is null
2020-02-03 13:16:35,690 [BaseCreateLabDeviceConnectivityManager.executorService pool-1-thread-1] ERROR: edu.cmu.ri.createlab.usb.hid.windows.WindowsHIDDevice: WindowsHIDDevice.readDeviceInfo(): Failed to read device attributes
2020-02-03 13:16:35,691 [BaseCreateLabDeviceConnectivityManager.executorService pool-1-thread-1] DEBUG: edu.cmu.ri.createlab.usb.hid.windows.WindowsHIDDevice: WindowsHIDDevice.disconnect(): disconnected successfully
2020-02-03 13:16:35,729 [BaseCreateLabDeviceConnectivityManager.executorService pool-1-thread-1] DEBUG: edu.cmu.ri.createlab.usb.hid.windows.WindowsHIDDevice: WindowsHIDDevice.disconnect(): disconnected successfully
2020-02-03 13:16:35,735 [BaseCreateLabDeviceConnectivityManager.executorService pool-1-thread-1] DEBUG: edu.cmu.ri.createlab.usb.hid.windows.WindowsHIDDevice: WindowsHIDDevice.connect(): connection successful
2020-02-03 13:16:35,806 [BaseCreateLabDeviceConnectivityManager.executorService pool-1-thread-1] DEBUG: edu.cmu.ri.createlab.device.connectivity.BaseCreateLabDeviceConnectivityManager: CreateLabDeviceConnectivityManagerImpl$DeviceScanner.run(): connection established!
2020-02-03 13:16:35,808 [BaseCreateLabDeviceConnectivityManager.executorService pool-1-thread-1] DEBUG: edu.cmu.ri.createlab.terk.robot.finch.LocalFinchConnectionStrategy: LocalFinchConnectionStrategy.handleConnectionStateChange(): OLD [Scanning]  NEW [Connected]  port [\\?\hid#vid_2354&pid_1111#7&26631bb8&0&0000#{4d1e55b2-f16f-11cf-88cb-001111000030}]
2020-02-03 13:16:38,067 [AWT-EventQueue-0] DEBUG: edu.cmu.ri.createlab.terk.robot.finch.services.FinchServiceManager: FinchServiceManager.loadService() needs to load the [::TeRK::thermistor::ThermistorService] service
2020-02-03 13:16:38,068 [AWT-EventQueue-0] DEBUG: edu.cmu.ri.createlab.terk.robot.finch.services.FinchServiceFactory: FinchServiceFactory.createService(::TeRK::thermistor::ThermistorService)
2020-02-03 13:16:38,085 [AWT-EventQueue-0] DEBUG: edu.cmu.ri.createlab.terk.properties.BasicPropertyManager: ServantPropertyManager.setReadOnlyProperty(device.count,1)
2020-02-03 13:16:38,085 [AWT-EventQueue-0] DEBUG: edu.cmu.ri.createlab.terk.properties.BasicPropertyManager: ServantPropertyManager.setReadOnlyProperty(::TeRK::thermistor::ThermistorService::thermistor-device-id,MF52A103F3380)
2020-02-03 13:16:38,091 [AWT-EventQueue-0] DEBUG: edu.cmu.ri.createlab.terk.robot.finch.services.FinchServiceManager: FinchServiceManager.loadService() needs to load the [::TeRK::photoresistor::PhotoresistorService] service
2020-02-03 13:16:38,091 [AWT-EventQueue-0] DEBUG: edu.cmu.ri.createlab.terk.robot.finch.services.FinchServiceFactory: FinchServiceFactory.createService(::TeRK::photoresistor::PhotoresistorService)
2020-02-03 13:16:38,097 [AWT-EventQueue-0] DEBUG: edu.cmu.ri.createlab.terk.properties.BasicPropertyManager: ServantPropertyManager.setReadOnlyProperty(device.count,2)
2020-02-03 13:16:38,115 [AWT-EventQueue-0] DEBUG: edu.cmu.ri.createlab.terk.robot.finch.services.FinchServiceManager: FinchServiceManager.loadService() needs to load the [::TeRK::accelerometer::AccelerometerService] service
2020-02-03 13:16:38,115 [AWT-EventQueue-0] DEBUG: edu.cmu.ri.createlab.terk.robot.finch.services.FinchServiceFactory: FinchServiceFactory.createService(::TeRK::accelerometer::AccelerometerService)
2020-02-03 13:16:38,121 [AWT-EventQueue-0] DEBUG: edu.cmu.ri.createlab.terk.properties.BasicPropertyManager: ServantPropertyManager.setReadOnlyProperty(device.count,1)
2020-02-03 13:16:38,121 [AWT-EventQueue-0] DEBUG: edu.cmu.ri.createlab.terk.properties.BasicPropertyManager: ServantPropertyManager.setReadOnlyProperty(::TeRK::accelerometer::AccelerometerService::accelerometer-device-id,FreescaleMMA7660FC)
